<?xml version="1.0" encoding="UTF-8"?>
<!-- Generated by org.testng.reporters.JUnitXMLReporter -->
<testsuite hostname="ES-LAPTOP-760" ignored="0" name="Chrome Testing28dec" tests="17" failures="7" timestamp="08 Nov 2023 09:11:26 GMT" time="344.947" errors="0">
  <testcase name="candidatetestlogintest" time="0.241" classname="com.easyproctor.qa.testcases.CandidateLoginTest"/>
  <testcase name="logintest" time="40.213" classname="com.easyproctor.qa.testcases.EPReviewerTest"/>
  <testcase name="myexamscheduletest" time="0.122" classname="com.easyproctor.qa.testcases.CandidateLoginTest"/>
  <testcase name="examnametest" time="15.288" classname="com.easyproctor.qa.testcases.EPReviewerTest"/>
  <testcase name="dashboardexamtest" time="0.138" classname="com.easyproctor.qa.testcases.CandidateLoginTest"/>
  <testcase name="schedulepagetest" time="10.073" classname="com.easyproctor.qa.testcases.EPReviewerTest"/>
  <testcase name="useragreementpagetest" time="1.14" classname="com.easyproctor.qa.testcases.CandidateLoginTest"/>
  <testcase name="studentnametest" time="0.055" classname="com.easyproctor.qa.testcases.EPReviewerTest"/>
  <testcase name="systemcheckpagetest" time="56.284" classname="com.easyproctor.qa.testcases.CandidateLoginTest">
    <failure type="org.openqa.selenium.ElementClickInterceptedException" message="element click intercepted: Element &amp;lt;button _ngcontent-vpp-c200=&amp;quot;&amp;quot; type=&amp;quot;button&amp;quot; id=&amp;quot;systemCheckNxtBtn&amp;quot; tabindex=&amp;quot;0&amp;quot; class=&amp;quot;btn next-step&amp;quot;&amp;gt;...&amp;lt;/button&amp;gt; is not clickable at point (784, 590). Other element would receive the click: &amp;lt;a _ngcontent-vpp-c207=&amp;quot;&amp;quot; tabindex=&amp;quot;-1&amp;quot; target=&amp;quot;_blank&amp;quot; rel=&amp;quot;noopener&amp;quot; href=&amp;quot;https://.../&amp;quot;&amp;gt;www.excelsoftcorp.com&amp;lt;/a&amp;gt;
  (Session info: chrome=118.0.5993.118)
Build info: version: &amp;apos;4.9.1&amp;apos;, revision: &amp;apos;eb2032df7f&amp;apos;
System info: os.name: &amp;apos;Windows 10&amp;apos;, os.arch: &amp;apos;amd64&amp;apos;, os.version: &amp;apos;10.0&amp;apos;, java.version: &amp;apos;1.8.0_172&amp;apos;
Driver info: org.openqa.selenium.chrome.ChromeDriver
Command: [7208bb5980340865d35aad579826e0d4, clickElement {id=C15DF9703FD252DA5ABCFF56AB78F3CB_element_172}]
Capabilities {acceptInsecureCerts: false, browserName: chrome, browserVersion: 118.0.5993.118, chrome: {chromedriverVersion: 118.0.5993.70 (e52f33f30b91..., userDataDir: C:\Users\AKASH~1.KHA\AppDat...}, fedcm:accounts: true, goog:chromeOptions: {debuggerAddress: localhost:52596}, networkConnectionEnabled: false, pageLoadStrategy: normal, platformName: windows, proxy: Proxy(), se:cdp: ws://localhost:52596/devtoo..., se:cdpVersion: 118.0.5993.118, setWindowRect: true, strictFileInteractability: false, timeouts: {implicit: 0, pageLoad: 300000, script: 30000}, unhandledPromptBehavior: dismiss and notify, webauthn:extension:credBlob: true, webauthn:extension:largeBlob: true, webauthn:extension:minPinLength: true, webauthn:extension:prf: true, webauthn:virtualAuthenticators: true}
Element: [[ChromeDriver: chrome on windows (7208bb5980340865d35aad579826e0d4)] -&amp;gt; xpath: //button[@id=&amp;apos;systemCheckNxtBtn&amp;apos;]]
Session ID: 7208bb5980340865d35aad579826e0d4">
      <![CDATA[org.openqa.selenium.ElementClickInterceptedException: element click intercepted: Element <button _ngcontent-vpp-c200="" type="button" id="systemCheckNxtBtn" tabindex="0" class="btn next-step">...</button> is not clickable at point (784, 590). Other element would receive the click: <a _ngcontent-vpp-c207="" tabindex="-1" target="_blank" rel="noopener" href="https://.../">www.excelsoftcorp.com</a>
  (Session info: chrome=118.0.5993.118)
Build info: version: '4.9.1', revision: 'eb2032df7f'
System info: os.name: 'Windows 10', os.arch: 'amd64', os.version: '10.0', java.version: '1.8.0_172'
Driver info: org.openqa.selenium.chrome.ChromeDriver
Command: [7208bb5980340865d35aad579826e0d4, clickElement {id=C15DF9703FD252DA5ABCFF56AB78F3CB_element_172}]
Capabilities {acceptInsecureCerts: false, browserName: chrome, browserVersion: 118.0.5993.118, chrome: {chromedriverVersion: 118.0.5993.70 (e52f33f30b91..., userDataDir: C:\Users\AKASH~1.KHA\AppDat...}, fedcm:accounts: true, goog:chromeOptions: {debuggerAddress: localhost:52596}, networkConnectionEnabled: false, pageLoadStrategy: normal, platformName: windows, proxy: Proxy(), se:cdp: ws://localhost:52596/devtoo..., se:cdpVersion: 118.0.5993.118, setWindowRect: true, strictFileInteractability: false, timeouts: {implicit: 0, pageLoad: 300000, script: 30000}, unhandledPromptBehavior: dismiss and notify, webauthn:extension:credBlob: true, webauthn:extension:largeBlob: true, webauthn:extension:minPinLength: true, webauthn:extension:prf: true, webauthn:virtualAuthenticators: true}
Element: [[ChromeDriver: chrome on windows (7208bb5980340865d35aad579826e0d4)] -> xpath: //button[@id='systemCheckNxtBtn']]
Session ID: 7208bb5980340865d35aad579826e0d4
	at org.openqa.selenium.remote.codec.w3c.W3CHttpResponseCodec.createException(W3CHttpResponseCodec.java:200)
	at org.openqa.selenium.remote.codec.w3c.W3CHttpResponseCodec.decode(W3CHttpResponseCodec.java:133)
	at org.openqa.selenium.remote.codec.w3c.W3CHttpResponseCodec.decode(W3CHttpResponseCodec.java:53)
	at org.openqa.selenium.remote.HttpCommandExecutor.execute(HttpCommandExecutor.java:193)
	at org.openqa.selenium.remote.service.DriverCommandExecutor.invokeExecute(DriverCommandExecutor.java:183)
	at org.openqa.selenium.remote.service.DriverCommandExecutor.execute(DriverCommandExecutor.java:158)
	at org.openqa.selenium.remote.RemoteWebDriver.execute(RemoteWebDriver.java:543)
	at org.openqa.selenium.remote.RemoteWebElement.execute(RemoteWebElement.java:257)
	at org.openqa.selenium.remote.RemoteWebElement.click(RemoteWebElement.java:78)
	at org.openqa.selenium.support.pagefactory.internal.LocatingElementHandler.invoke(LocatingElementHandler.java:52)
	at com.sun.proxy.$Proxy15.click(Unknown Source)
	at com.easyproctor.qa.pages.CandidateLogin.systemcheckpage(CandidateLogin.java:190)
	at com.easyproctor.qa.testcases.CandidateLoginTest.systemcheckpagetest(CandidateLoginTest.java:64)
... Removed 33 stack frames]]>
    </failure>
  </testcase> <!-- systemcheckpagetest -->
  <testcase name="attemptstest" time="0.064" classname="com.easyproctor.qa.testcases.EPReviewerTest"/>
  <testcase name="manageproctor" time="0.069" classname="com.easyproctor.qa.testcases.EPReviewerTest">
    <failure type="org.openqa.selenium.StaleElementReferenceException" message="stale element reference: stale element not found
  (Session info: chrome=118.0.5993.118)
For documentation on this error, please visit: https://selenium.dev/exceptions/#stale_element_reference
Build info: version: &amp;apos;4.9.1&amp;apos;, revision: &amp;apos;eb2032df7f&amp;apos;
System info: os.name: &amp;apos;Windows 10&amp;apos;, os.arch: &amp;apos;amd64&amp;apos;, os.version: &amp;apos;10.0&amp;apos;, java.version: &amp;apos;1.8.0_172&amp;apos;
Driver info: org.openqa.selenium.chrome.ChromeDriver
Command: [a98e9195e2202795eb301de1865ab383, clickElement {id=7241BE5678C184D258226E4B072F32EC_element_230}]
Capabilities {acceptInsecureCerts: false, browserName: chrome, browserVersion: 118.0.5993.118, chrome: {chromedriverVersion: 118.0.5993.70 (e52f33f30b91..., userDataDir: C:\Users\AKASH~1.KHA\AppDat...}, fedcm:accounts: true, goog:chromeOptions: {debuggerAddress: localhost:52624}, networkConnectionEnabled: false, pageLoadStrategy: normal, platformName: windows, proxy: Proxy(), se:cdp: ws://localhost:52624/devtoo..., se:cdpVersion: 118.0.5993.118, setWindowRect: true, strictFileInteractability: false, timeouts: {implicit: 0, pageLoad: 300000, script: 30000}, unhandledPromptBehavior: dismiss and notify, webauthn:extension:credBlob: true, webauthn:extension:largeBlob: true, webauthn:extension:minPinLength: true, webauthn:extension:prf: true, webauthn:virtualAuthenticators: true}
Element: [[ChromeDriver: chrome on windows (a98e9195e2202795eb301de1865ab383)] -&amp;gt; xpath: //*[@id=&amp;apos;Attempts&amp;apos;]/tbody/tr/td[1]/a]
Session ID: a98e9195e2202795eb301de1865ab383">
      <![CDATA[org.openqa.selenium.StaleElementReferenceException: stale element reference: stale element not found
  (Session info: chrome=118.0.5993.118)
For documentation on this error, please visit: https://selenium.dev/exceptions/#stale_element_reference
Build info: version: '4.9.1', revision: 'eb2032df7f'
System info: os.name: 'Windows 10', os.arch: 'amd64', os.version: '10.0', java.version: '1.8.0_172'
Driver info: org.openqa.selenium.chrome.ChromeDriver
Command: [a98e9195e2202795eb301de1865ab383, clickElement {id=7241BE5678C184D258226E4B072F32EC_element_230}]
Capabilities {acceptInsecureCerts: false, browserName: chrome, browserVersion: 118.0.5993.118, chrome: {chromedriverVersion: 118.0.5993.70 (e52f33f30b91..., userDataDir: C:\Users\AKASH~1.KHA\AppDat...}, fedcm:accounts: true, goog:chromeOptions: {debuggerAddress: localhost:52624}, networkConnectionEnabled: false, pageLoadStrategy: normal, platformName: windows, proxy: Proxy(), se:cdp: ws://localhost:52624/devtoo..., se:cdpVersion: 118.0.5993.118, setWindowRect: true, strictFileInteractability: false, timeouts: {implicit: 0, pageLoad: 300000, script: 30000}, unhandledPromptBehavior: dismiss and notify, webauthn:extension:credBlob: true, webauthn:extension:largeBlob: true, webauthn:extension:minPinLength: true, webauthn:extension:prf: true, webauthn:virtualAuthenticators: true}
Element: [[ChromeDriver: chrome on windows (a98e9195e2202795eb301de1865ab383)] -> xpath: //*[@id='Attempts']/tbody/tr/td[1]/a]
Session ID: a98e9195e2202795eb301de1865ab383
	at org.openqa.selenium.remote.codec.w3c.W3CHttpResponseCodec.createException(W3CHttpResponseCodec.java:200)
	at org.openqa.selenium.remote.codec.w3c.W3CHttpResponseCodec.decode(W3CHttpResponseCodec.java:133)
	at org.openqa.selenium.remote.codec.w3c.W3CHttpResponseCodec.decode(W3CHttpResponseCodec.java:53)
	at org.openqa.selenium.remote.HttpCommandExecutor.execute(HttpCommandExecutor.java:193)
	at org.openqa.selenium.remote.service.DriverCommandExecutor.invokeExecute(DriverCommandExecutor.java:183)
	at org.openqa.selenium.remote.service.DriverCommandExecutor.execute(DriverCommandExecutor.java:158)
	at org.openqa.selenium.remote.RemoteWebDriver.execute(RemoteWebDriver.java:543)
	at org.openqa.selenium.remote.RemoteWebElement.execute(RemoteWebElement.java:257)
	at org.openqa.selenium.remote.RemoteWebElement.click(RemoteWebElement.java:78)
	at com.easyproctor.qa.pages.EPReviewerPage.attempts(EPReviewerPage.java:364)
	at com.easyproctor.qa.testcases.EPReviewerTest.manageproctor(EPReviewerTest.java:78)
... Removed 29 stack frames]]>
    </failure>
  </testcase> <!-- manageproctor -->
  <testcase name="phototest" time="10.02" classname="com.easyproctor.qa.testcases.CandidateLoginTest">
    <failure type="org.openqa.selenium.NoSuchElementException" message="no such element: Unable to locate element: {&amp;quot;method&amp;quot;:&amp;quot;xpath&amp;quot;,&amp;quot;selector&amp;quot;:&amp;quot;//button[@id=&amp;apos;headshotPhotoidNxtBtn&amp;apos;]&amp;quot;}
  (Session info: chrome=118.0.5993.118)
For documentation on this error, please visit: https://selenium.dev/exceptions/#no_such_element
Build info: version: &amp;apos;4.9.1&amp;apos;, revision: &amp;apos;eb2032df7f&amp;apos;
System info: os.name: &amp;apos;Windows 10&amp;apos;, os.arch: &amp;apos;amd64&amp;apos;, os.version: &amp;apos;10.0&amp;apos;, java.version: &amp;apos;1.8.0_172&amp;apos;
Driver info: org.openqa.selenium.chrome.ChromeDriver
Command: [a98e9195e2202795eb301de1865ab383, findElement {using=xpath, value=//button[@id=&amp;apos;headshotPhotoidNxtBtn&amp;apos;]}]
Capabilities {acceptInsecureCerts: false, browserName: chrome, browserVersion: 118.0.5993.118, chrome: {chromedriverVersion: 118.0.5993.70 (e52f33f30b91..., userDataDir: C:\Users\AKASH~1.KHA\AppDat...}, fedcm:accounts: true, goog:chromeOptions: {debuggerAddress: localhost:52624}, networkConnectionEnabled: false, pageLoadStrategy: normal, platformName: windows, proxy: Proxy(), se:cdp: ws://localhost:52624/devtoo..., se:cdpVersion: 118.0.5993.118, setWindowRect: true, strictFileInteractability: false, timeouts: {implicit: 0, pageLoad: 300000, script: 30000}, unhandledPromptBehavior: dismiss and notify, webauthn:extension:credBlob: true, webauthn:extension:largeBlob: true, webauthn:extension:minPinLength: true, webauthn:extension:prf: true, webauthn:virtualAuthenticators: true}
Session ID: a98e9195e2202795eb301de1865ab383">
      <![CDATA[org.openqa.selenium.NoSuchElementException: no such element: Unable to locate element: {"method":"xpath","selector":"//button[@id='headshotPhotoidNxtBtn']"}
  (Session info: chrome=118.0.5993.118)
For documentation on this error, please visit: https://selenium.dev/exceptions/#no_such_element
Build info: version: '4.9.1', revision: 'eb2032df7f'
System info: os.name: 'Windows 10', os.arch: 'amd64', os.version: '10.0', java.version: '1.8.0_172'
Driver info: org.openqa.selenium.chrome.ChromeDriver
Command: [a98e9195e2202795eb301de1865ab383, findElement {using=xpath, value=//button[@id='headshotPhotoidNxtBtn']}]
Capabilities {acceptInsecureCerts: false, browserName: chrome, browserVersion: 118.0.5993.118, chrome: {chromedriverVersion: 118.0.5993.70 (e52f33f30b91..., userDataDir: C:\Users\AKASH~1.KHA\AppDat...}, fedcm:accounts: true, goog:chromeOptions: {debuggerAddress: localhost:52624}, networkConnectionEnabled: false, pageLoadStrategy: normal, platformName: windows, proxy: Proxy(), se:cdp: ws://localhost:52624/devtoo..., se:cdpVersion: 118.0.5993.118, setWindowRect: true, strictFileInteractability: false, timeouts: {implicit: 0, pageLoad: 300000, script: 30000}, unhandledPromptBehavior: dismiss and notify, webauthn:extension:credBlob: true, webauthn:extension:largeBlob: true, webauthn:extension:minPinLength: true, webauthn:extension:prf: true, webauthn:virtualAuthenticators: true}
Session ID: a98e9195e2202795eb301de1865ab383
	at org.openqa.selenium.remote.codec.w3c.W3CHttpResponseCodec.createException(W3CHttpResponseCodec.java:200)
	at org.openqa.selenium.remote.codec.w3c.W3CHttpResponseCodec.decode(W3CHttpResponseCodec.java:133)
	at org.openqa.selenium.remote.codec.w3c.W3CHttpResponseCodec.decode(W3CHttpResponseCodec.java:53)
	at org.openqa.selenium.remote.HttpCommandExecutor.execute(HttpCommandExecutor.java:193)
	at org.openqa.selenium.remote.service.DriverCommandExecutor.invokeExecute(DriverCommandExecutor.java:183)
	at org.openqa.selenium.remote.service.DriverCommandExecutor.execute(DriverCommandExecutor.java:158)
	at org.openqa.selenium.remote.RemoteWebDriver.execute(RemoteWebDriver.java:543)
	at org.openqa.selenium.remote.ElementLocation$ElementFinder$2.findElement(ElementLocation.java:162)
	at org.openqa.selenium.remote.ElementLocation.findElement(ElementLocation.java:60)
	at org.openqa.selenium.remote.RemoteWebDriver.findElement(RemoteWebDriver.java:352)
	at org.openqa.selenium.remote.RemoteWebDriver.findElement(RemoteWebDriver.java:344)
	at com.easyproctor.qa.pages.CandidateLogin.photo(CandidateLogin.java:196)
	at com.easyproctor.qa.testcases.CandidateLoginTest.phototest(CandidateLoginTest.java:71)
... Removed 29 stack frames]]>
    </failure>
  </testcase> <!-- phototest -->
  <testcase name="photoverificationtest" time="11.103" classname="com.easyproctor.qa.testcases.EPReviewerTest">
    <failure type="org.openqa.selenium.ElementClickInterceptedException" message="element click intercepted: Element &amp;lt;button type=&amp;quot;button&amp;quot; class=&amp;quot;btn btn-primary btn-lg btn-video ng-binding&amp;quot; id=&amp;quot;matched&amp;quot; ng-click=&amp;quot;Matched()&amp;quot; ng-disabled=&amp;quot;isSaving&amp;quot;&amp;gt;...&amp;lt;/button&amp;gt; is not clickable at point (670, 561). Other element would receive the click: &amp;lt;p class=&amp;quot;text-muted footer-text ng-binding&amp;quot; tabindex=&amp;quot;-1&amp;quot;&amp;gt;...&amp;lt;/p&amp;gt;
  (Session info: chrome=118.0.5993.118)
Build info: version: &amp;apos;4.9.1&amp;apos;, revision: &amp;apos;eb2032df7f&amp;apos;
System info: os.name: &amp;apos;Windows 10&amp;apos;, os.arch: &amp;apos;amd64&amp;apos;, os.version: &amp;apos;10.0&amp;apos;, java.version: &amp;apos;1.8.0_172&amp;apos;
Driver info: org.openqa.selenium.chrome.ChromeDriver
Command: [a98e9195e2202795eb301de1865ab383, clickElement {id=7241BE5678C184D258226E4B072F32EC_element_240}]
Capabilities {acceptInsecureCerts: false, browserName: chrome, browserVersion: 118.0.5993.118, chrome: {chromedriverVersion: 118.0.5993.70 (e52f33f30b91..., userDataDir: C:\Users\AKASH~1.KHA\AppDat...}, fedcm:accounts: true, goog:chromeOptions: {debuggerAddress: localhost:52624}, networkConnectionEnabled: false, pageLoadStrategy: normal, platformName: windows, proxy: Proxy(), se:cdp: ws://localhost:52624/devtoo..., se:cdpVersion: 118.0.5993.118, setWindowRect: true, strictFileInteractability: false, timeouts: {implicit: 0, pageLoad: 300000, script: 30000}, unhandledPromptBehavior: dismiss and notify, webauthn:extension:credBlob: true, webauthn:extension:largeBlob: true, webauthn:extension:minPinLength: true, webauthn:extension:prf: true, webauthn:virtualAuthenticators: true}
Element: [[ChromeDriver: chrome on windows (a98e9195e2202795eb301de1865ab383)] -&amp;gt; xpath: //button[@id=&amp;apos;matched&amp;apos;]]
Session ID: a98e9195e2202795eb301de1865ab383">
      <![CDATA[org.openqa.selenium.ElementClickInterceptedException: element click intercepted: Element <button type="button" class="btn btn-primary btn-lg btn-video ng-binding" id="matched" ng-click="Matched()" ng-disabled="isSaving">...</button> is not clickable at point (670, 561). Other element would receive the click: <p class="text-muted footer-text ng-binding" tabindex="-1">...</p>
  (Session info: chrome=118.0.5993.118)
Build info: version: '4.9.1', revision: 'eb2032df7f'
System info: os.name: 'Windows 10', os.arch: 'amd64', os.version: '10.0', java.version: '1.8.0_172'
Driver info: org.openqa.selenium.chrome.ChromeDriver
Command: [a98e9195e2202795eb301de1865ab383, clickElement {id=7241BE5678C184D258226E4B072F32EC_element_240}]
Capabilities {acceptInsecureCerts: false, browserName: chrome, browserVersion: 118.0.5993.118, chrome: {chromedriverVersion: 118.0.5993.70 (e52f33f30b91..., userDataDir: C:\Users\AKASH~1.KHA\AppDat...}, fedcm:accounts: true, goog:chromeOptions: {debuggerAddress: localhost:52624}, networkConnectionEnabled: false, pageLoadStrategy: normal, platformName: windows, proxy: Proxy(), se:cdp: ws://localhost:52624/devtoo..., se:cdpVersion: 118.0.5993.118, setWindowRect: true, strictFileInteractability: false, timeouts: {implicit: 0, pageLoad: 300000, script: 30000}, unhandledPromptBehavior: dismiss and notify, webauthn:extension:credBlob: true, webauthn:extension:largeBlob: true, webauthn:extension:minPinLength: true, webauthn:extension:prf: true, webauthn:virtualAuthenticators: true}
Element: [[ChromeDriver: chrome on windows (a98e9195e2202795eb301de1865ab383)] -> xpath: //button[@id='matched']]
Session ID: a98e9195e2202795eb301de1865ab383
	at org.openqa.selenium.remote.codec.w3c.W3CHttpResponseCodec.createException(W3CHttpResponseCodec.java:200)
	at org.openqa.selenium.remote.codec.w3c.W3CHttpResponseCodec.decode(W3CHttpResponseCodec.java:133)
	at org.openqa.selenium.remote.codec.w3c.W3CHttpResponseCodec.decode(W3CHttpResponseCodec.java:53)
	at org.openqa.selenium.remote.HttpCommandExecutor.execute(HttpCommandExecutor.java:193)
	at org.openqa.selenium.remote.service.DriverCommandExecutor.invokeExecute(DriverCommandExecutor.java:183)
	at org.openqa.selenium.remote.service.DriverCommandExecutor.execute(DriverCommandExecutor.java:158)
	at org.openqa.selenium.remote.RemoteWebDriver.execute(RemoteWebDriver.java:543)
	at org.openqa.selenium.remote.RemoteWebElement.execute(RemoteWebElement.java:257)
	at org.openqa.selenium.remote.RemoteWebElement.click(RemoteWebElement.java:78)
	at org.openqa.selenium.support.pagefactory.internal.LocatingElementHandler.invoke(LocatingElementHandler.java:52)
	at com.sun.proxy.$Proxy15.click(Unknown Source)
	at com.easyproctor.qa.pages.EPReviewerPage.photoverifcation(EPReviewerPage.java:457)
	at com.easyproctor.qa.testcases.EPReviewerTest.photoverificationtest(EPReviewerTest.java:121)
... Removed 33 stack frames]]>
    </failure>
  </testcase> <!-- photoverificationtest -->
  <testcase name="roomvideopagetest" time="60.066" classname="com.easyproctor.qa.testcases.CandidateLoginTest">
    <failure type="org.openqa.selenium.ElementNotInteractableException" message="element not interactable
  (Session info: chrome=118.0.5993.118)
Build info: version: &amp;apos;4.9.1&amp;apos;, revision: &amp;apos;eb2032df7f&amp;apos;
System info: os.name: &amp;apos;Windows 10&amp;apos;, os.arch: &amp;apos;amd64&amp;apos;, os.version: &amp;apos;10.0&amp;apos;, java.version: &amp;apos;1.8.0_172&amp;apos;
Driver info: org.openqa.selenium.chrome.ChromeDriver
Command: [7208bb5980340865d35aad579826e0d4, clickElement {id=C15DF9703FD252DA5ABCFF56AB78F3CB_element_174}]
Capabilities {acceptInsecureCerts: false, browserName: chrome, browserVersion: 118.0.5993.118, chrome: {chromedriverVersion: 118.0.5993.70 (e52f33f30b91..., userDataDir: C:\Users\AKASH~1.KHA\AppDat...}, fedcm:accounts: true, goog:chromeOptions: {debuggerAddress: localhost:52596}, networkConnectionEnabled: false, pageLoadStrategy: normal, platformName: windows, proxy: Proxy(), se:cdp: ws://localhost:52596/devtoo..., se:cdpVersion: 118.0.5993.118, setWindowRect: true, strictFileInteractability: false, timeouts: {implicit: 0, pageLoad: 300000, script: 30000}, unhandledPromptBehavior: dismiss and notify, webauthn:extension:credBlob: true, webauthn:extension:largeBlob: true, webauthn:extension:minPinLength: true, webauthn:extension:prf: true, webauthn:virtualAuthenticators: true}
Element: [[ChromeDriver: chrome on windows (7208bb5980340865d35aad579826e0d4)] -&amp;gt; xpath: //button[@id=&amp;apos;roomVideoNxtBtn&amp;apos;]]
Session ID: 7208bb5980340865d35aad579826e0d4">
      <![CDATA[org.openqa.selenium.ElementNotInteractableException: element not interactable
  (Session info: chrome=118.0.5993.118)
Build info: version: '4.9.1', revision: 'eb2032df7f'
System info: os.name: 'Windows 10', os.arch: 'amd64', os.version: '10.0', java.version: '1.8.0_172'
Driver info: org.openqa.selenium.chrome.ChromeDriver
Command: [7208bb5980340865d35aad579826e0d4, clickElement {id=C15DF9703FD252DA5ABCFF56AB78F3CB_element_174}]
Capabilities {acceptInsecureCerts: false, browserName: chrome, browserVersion: 118.0.5993.118, chrome: {chromedriverVersion: 118.0.5993.70 (e52f33f30b91..., userDataDir: C:\Users\AKASH~1.KHA\AppDat...}, fedcm:accounts: true, goog:chromeOptions: {debuggerAddress: localhost:52596}, networkConnectionEnabled: false, pageLoadStrategy: normal, platformName: windows, proxy: Proxy(), se:cdp: ws://localhost:52596/devtoo..., se:cdpVersion: 118.0.5993.118, setWindowRect: true, strictFileInteractability: false, timeouts: {implicit: 0, pageLoad: 300000, script: 30000}, unhandledPromptBehavior: dismiss and notify, webauthn:extension:credBlob: true, webauthn:extension:largeBlob: true, webauthn:extension:minPinLength: true, webauthn:extension:prf: true, webauthn:virtualAuthenticators: true}
Element: [[ChromeDriver: chrome on windows (7208bb5980340865d35aad579826e0d4)] -> xpath: //button[@id='roomVideoNxtBtn']]
Session ID: 7208bb5980340865d35aad579826e0d4
	at org.openqa.selenium.remote.codec.w3c.W3CHttpResponseCodec.createException(W3CHttpResponseCodec.java:200)
	at org.openqa.selenium.remote.codec.w3c.W3CHttpResponseCodec.decode(W3CHttpResponseCodec.java:133)
	at org.openqa.selenium.remote.codec.w3c.W3CHttpResponseCodec.decode(W3CHttpResponseCodec.java:53)
	at org.openqa.selenium.remote.HttpCommandExecutor.execute(HttpCommandExecutor.java:193)
	at org.openqa.selenium.remote.service.DriverCommandExecutor.invokeExecute(DriverCommandExecutor.java:183)
	at org.openqa.selenium.remote.service.DriverCommandExecutor.execute(DriverCommandExecutor.java:158)
	at org.openqa.selenium.remote.RemoteWebDriver.execute(RemoteWebDriver.java:543)
	at org.openqa.selenium.remote.RemoteWebElement.execute(RemoteWebElement.java:257)
	at org.openqa.selenium.remote.RemoteWebElement.click(RemoteWebElement.java:78)
	at org.openqa.selenium.support.pagefactory.internal.LocatingElementHandler.invoke(LocatingElementHandler.java:52)
	at com.sun.proxy.$Proxy15.click(Unknown Source)
	at com.easyproctor.qa.pages.CandidateLogin.roomvideopage(CandidateLogin.java:215)
	at com.easyproctor.qa.testcases.CandidateLoginTest.roomvideopagetest(CandidateLoginTest.java:78)
... Removed 33 stack frames]]>
    </failure>
  </testcase> <!-- roomvideopagetest -->
  <testcase name="videoplay" time="0.004" classname="com.easyproctor.qa.testcases.EPReviewerTest"/>
  <testcase name="taketesttest" time="90.057" classname="com.easyproctor.qa.testcases.CandidateLoginTest">
    <failure type="org.openqa.selenium.ElementNotInteractableException" message="element not interactable
  (Session info: chrome=118.0.5993.118)
Build info: version: &amp;apos;4.9.1&amp;apos;, revision: &amp;apos;eb2032df7f&amp;apos;
System info: os.name: &amp;apos;Windows 10&amp;apos;, os.arch: &amp;apos;amd64&amp;apos;, os.version: &amp;apos;10.0&amp;apos;, java.version: &amp;apos;1.8.0_172&amp;apos;
Driver info: org.openqa.selenium.chrome.ChromeDriver
Command: [7208bb5980340865d35aad579826e0d4, clickElement {id=C15DF9703FD252DA5ABCFF56AB78F3CB_element_175}]
Capabilities {acceptInsecureCerts: false, browserName: chrome, browserVersion: 118.0.5993.118, chrome: {chromedriverVersion: 118.0.5993.70 (e52f33f30b91..., userDataDir: C:\Users\AKASH~1.KHA\AppDat...}, fedcm:accounts: true, goog:chromeOptions: {debuggerAddress: localhost:52596}, networkConnectionEnabled: false, pageLoadStrategy: normal, platformName: windows, proxy: Proxy(), se:cdp: ws://localhost:52596/devtoo..., se:cdpVersion: 118.0.5993.118, setWindowRect: true, strictFileInteractability: false, timeouts: {implicit: 0, pageLoad: 300000, script: 30000}, unhandledPromptBehavior: dismiss and notify, webauthn:extension:credBlob: true, webauthn:extension:largeBlob: true, webauthn:extension:minPinLength: true, webauthn:extension:prf: true, webauthn:virtualAuthenticators: true}
Element: [[ChromeDriver: chrome on windows (7208bb5980340865d35aad579826e0d4)] -&amp;gt; xpath: //button[@class=&amp;apos;btn&amp;apos;]]
Session ID: 7208bb5980340865d35aad579826e0d4">
      <![CDATA[org.openqa.selenium.ElementNotInteractableException: element not interactable
  (Session info: chrome=118.0.5993.118)
Build info: version: '4.9.1', revision: 'eb2032df7f'
System info: os.name: 'Windows 10', os.arch: 'amd64', os.version: '10.0', java.version: '1.8.0_172'
Driver info: org.openqa.selenium.chrome.ChromeDriver
Command: [7208bb5980340865d35aad579826e0d4, clickElement {id=C15DF9703FD252DA5ABCFF56AB78F3CB_element_175}]
Capabilities {acceptInsecureCerts: false, browserName: chrome, browserVersion: 118.0.5993.118, chrome: {chromedriverVersion: 118.0.5993.70 (e52f33f30b91..., userDataDir: C:\Users\AKASH~1.KHA\AppDat...}, fedcm:accounts: true, goog:chromeOptions: {debuggerAddress: localhost:52596}, networkConnectionEnabled: false, pageLoadStrategy: normal, platformName: windows, proxy: Proxy(), se:cdp: ws://localhost:52596/devtoo..., se:cdpVersion: 118.0.5993.118, setWindowRect: true, strictFileInteractability: false, timeouts: {implicit: 0, pageLoad: 300000, script: 30000}, unhandledPromptBehavior: dismiss and notify, webauthn:extension:credBlob: true, webauthn:extension:largeBlob: true, webauthn:extension:minPinLength: true, webauthn:extension:prf: true, webauthn:virtualAuthenticators: true}
Element: [[ChromeDriver: chrome on windows (7208bb5980340865d35aad579826e0d4)] -> xpath: //button[@class='btn']]
Session ID: 7208bb5980340865d35aad579826e0d4
	at org.openqa.selenium.remote.codec.w3c.W3CHttpResponseCodec.createException(W3CHttpResponseCodec.java:200)
	at org.openqa.selenium.remote.codec.w3c.W3CHttpResponseCodec.decode(W3CHttpResponseCodec.java:133)
	at org.openqa.selenium.remote.codec.w3c.W3CHttpResponseCodec.decode(W3CHttpResponseCodec.java:53)
	at org.openqa.selenium.remote.HttpCommandExecutor.execute(HttpCommandExecutor.java:193)
	at org.openqa.selenium.remote.service.DriverCommandExecutor.invokeExecute(DriverCommandExecutor.java:183)
	at org.openqa.selenium.remote.service.DriverCommandExecutor.execute(DriverCommandExecutor.java:158)
	at org.openqa.selenium.remote.RemoteWebDriver.execute(RemoteWebDriver.java:543)
	at org.openqa.selenium.remote.RemoteWebElement.execute(RemoteWebElement.java:257)
	at org.openqa.selenium.remote.RemoteWebElement.click(RemoteWebElement.java:78)
	at org.openqa.selenium.support.pagefactory.internal.LocatingElementHandler.invoke(LocatingElementHandler.java:52)
	at com.sun.proxy.$Proxy15.click(Unknown Source)
	at com.easyproctor.qa.pages.CandidateLogin.taketest(CandidateLogin.java:221)
	at com.easyproctor.qa.testcases.CandidateLoginTest.taketesttest(CandidateLoginTest.java:86)
... Removed 33 stack frames]]>
    </failure>
  </testcase> <!-- taketesttest -->
  <testcase name="startbuttontest" time="20.032" classname="com.easyproctor.qa.testcases.CandidateLoginTest">
    <failure type="java.lang.IndexOutOfBoundsException" message="Index: 1, Size: 1">
      <![CDATA[java.lang.IndexOutOfBoundsException: Index: 1, Size: 1
	at java.util.ArrayList.rangeCheck(ArrayList.java:657)
	at java.util.ArrayList.get(ArrayList.java:433)
	at com.easyproctor.qa.pages.CandidateLogin.startbutton(CandidateLogin.java:234)
	at com.easyproctor.qa.testcases.CandidateLoginTest.startbuttontest(CandidateLoginTest.java:92)
... Removed 25 stack frames]]>
    </failure>
  </testcase> <!-- startbuttontest -->
</testsuite> <!-- Chrome Testing28dec -->
