<?xml version="1.0" encoding="UTF-8"?>
<!-- Generated by org.testng.reporters.JUnitXMLReporter -->
<testsuite hostname="ES-LAPTOP-760" ignored="0" name="Chrome Testing1" tests="8" failures="0" timestamp="08 Nov 2023 09:33:48 GMT" time="5.951" errors="0">
  <testcase name="@BeforeClass setUp" time="5.589" classname="com.easyproctor.qa.testcases.EPReviewerTest">
    <failure type="org.openqa.selenium.WebDriverException" message="unknown error: net::ERR_INTERNET_DISCONNECTED
  (Session info: chrome=118.0.5993.118)
Build info: version: &amp;apos;4.9.1&amp;apos;, revision: &amp;apos;eb2032df7f&amp;apos;
System info: os.name: &amp;apos;Windows 10&amp;apos;, os.arch: &amp;apos;amd64&amp;apos;, os.version: &amp;apos;10.0&amp;apos;, java.version: &amp;apos;1.8.0_172&amp;apos;
Driver info: org.openqa.selenium.chrome.ChromeDriver
Command: [c12b0f1638a2191e2fe21fca0c79c6f0, get {url=https://testandassessment.excelsoftcorp.com/easyproctor/EP.Web/app/index.html#/}]
Capabilities {acceptInsecureCerts: false, browserName: chrome, browserVersion: 118.0.5993.118, chrome: {chromedriverVersion: 118.0.5993.70 (e52f33f30b91..., userDataDir: C:\Users\AKASH~1.KHA\AppDat...}, fedcm:accounts: true, goog:chromeOptions: {debuggerAddress: localhost:54040}, networkConnectionEnabled: false, pageLoadStrategy: normal, platformName: windows, proxy: Proxy(), se:cdp: ws://localhost:54040/devtoo..., se:cdpVersion: 118.0.5993.118, setWindowRect: true, strictFileInteractability: false, timeouts: {implicit: 0, pageLoad: 300000, script: 30000}, unhandledPromptBehavior: dismiss and notify, webauthn:extension:credBlob: true, webauthn:extension:largeBlob: true, webauthn:extension:minPinLength: true, webauthn:extension:prf: true, webauthn:virtualAuthenticators: true}
Session ID: c12b0f1638a2191e2fe21fca0c79c6f0">
      <![CDATA[org.openqa.selenium.WebDriverException: unknown error: net::ERR_INTERNET_DISCONNECTED
  (Session info: chrome=118.0.5993.118)
Build info: version: '4.9.1', revision: 'eb2032df7f'
System info: os.name: 'Windows 10', os.arch: 'amd64', os.version: '10.0', java.version: '1.8.0_172'
Driver info: org.openqa.selenium.chrome.ChromeDriver
Command: [c12b0f1638a2191e2fe21fca0c79c6f0, get {url=https://testandassessment.excelsoftcorp.com/easyproctor/EP.Web/app/index.html#/}]
Capabilities {acceptInsecureCerts: false, browserName: chrome, browserVersion: 118.0.5993.118, chrome: {chromedriverVersion: 118.0.5993.70 (e52f33f30b91..., userDataDir: C:\Users\AKASH~1.KHA\AppDat...}, fedcm:accounts: true, goog:chromeOptions: {debuggerAddress: localhost:54040}, networkConnectionEnabled: false, pageLoadStrategy: normal, platformName: windows, proxy: Proxy(), se:cdp: ws://localhost:54040/devtoo..., se:cdpVersion: 118.0.5993.118, setWindowRect: true, strictFileInteractability: false, timeouts: {implicit: 0, pageLoad: 300000, script: 30000}, unhandledPromptBehavior: dismiss and notify, webauthn:extension:credBlob: true, webauthn:extension:largeBlob: true, webauthn:extension:minPinLength: true, webauthn:extension:prf: true, webauthn:virtualAuthenticators: true}
Session ID: c12b0f1638a2191e2fe21fca0c79c6f0
	at org.openqa.selenium.remote.codec.w3c.W3CHttpResponseCodec.createException(W3CHttpResponseCodec.java:200)
	at org.openqa.selenium.remote.codec.w3c.W3CHttpResponseCodec.decode(W3CHttpResponseCodec.java:133)
	at org.openqa.selenium.remote.codec.w3c.W3CHttpResponseCodec.decode(W3CHttpResponseCodec.java:53)
	at org.openqa.selenium.remote.HttpCommandExecutor.execute(HttpCommandExecutor.java:193)
	at org.openqa.selenium.remote.service.DriverCommandExecutor.invokeExecute(DriverCommandExecutor.java:183)
	at org.openqa.selenium.remote.service.DriverCommandExecutor.execute(DriverCommandExecutor.java:158)
	at org.openqa.selenium.remote.RemoteWebDriver.execute(RemoteWebDriver.java:543)
	at org.openqa.selenium.remote.RemoteWebDriver.get(RemoteWebDriver.java:297)
	at com.easyproctor.qa.base.BasePage.cqiintialization(BasePage.java:214)
	at com.easyproctor.qa.testcases.EPReviewerTest.setUp(EPReviewerTest.java:29)
... Removed 29 stack frames]]>
    </failure>
  </testcase> <!-- @BeforeClass setUp -->
  <testcase name="logintest" time="0.0" classname="com.easyproctor.qa.testcases.EPReviewerTest">
    <skipped/>
  </testcase> <!-- logintest -->
  <testcase name="examnametest" time="0.0" classname="com.easyproctor.qa.testcases.EPReviewerTest">
    <skipped/>
  </testcase> <!-- examnametest -->
  <testcase name="schedulepagetest" time="0.0" classname="com.easyproctor.qa.testcases.EPReviewerTest">
    <skipped/>
  </testcase> <!-- schedulepagetest -->
  <testcase name="studentnametest" time="0.0" classname="com.easyproctor.qa.testcases.EPReviewerTest">
    <skipped/>
  </testcase> <!-- studentnametest -->
  <testcase name="attemptstest" time="0.0" classname="com.easyproctor.qa.testcases.EPReviewerTest">
    <skipped/>
  </testcase> <!-- attemptstest -->
  <testcase name="manageproctor" time="0.0" classname="com.easyproctor.qa.testcases.EPReviewerTest">
    <skipped/>
  </testcase> <!-- manageproctor -->
  <testcase name="photoverificationtest" time="0.0" classname="com.easyproctor.qa.testcases.EPReviewerTest">
    <skipped/>
  </testcase> <!-- photoverificationtest -->
  <testcase name="videoplay" time="0.0" classname="com.easyproctor.qa.testcases.EPReviewerTest">
    <skipped/>
  </testcase> <!-- videoplay -->
</testsuite> <!-- Chrome Testing1 -->
